<?xml version="1.0" encoding="UTF-8"?>
<testsuite xmlns:xsi="http://www.w3.org/2001/XMLSchema-instance" xsi:noNamespaceSchemaLocation="https://maven.apache.org/surefire/maven-surefire-plugin/xsd/surefire-test-report.xsd" version="3.0.1" name="TestSuite" time="26.325" tests="1" errors="0" skipped="0" failures="1">
  <properties>
[...]
</properties>
  <testcase name="runScenario[&quot;Verify NECF website is running&quot;, &quot;NECF Website Health Check&quot;](1)" classname="com.testRunner.TestRunner" time="21.237">
    <failure message="Title verification failed! Expected: NECF Global – Marketplace1, Found: NECF Global – Marketplace" type="java.lang.AssertionError"><![CDATA[java.lang.AssertionError: Title verification failed! Expected: NECF Global – Marketplace1, Found: NECF Global – Marketplace
	at org.testng.Assert.fail(Assert.java:111)
	at com.pages.HomePage.verifyingTitle(HomePage.java:139)
	at com.stepDefinitions.HomePageStep.the_website_should_load_successfully(HomePageStep.java:34)
	at ✽.the website should load successfully(file:///C:/Users/jubin/NECF%20Project/NECF/src/test/resources/NECF.feature:5)
]]></failure>
    <system-out><![CDATA[Test Suite started - ExtentReports will be initialized

@browser=chrome
&amp#27;[1mScenario:&amp#27;[22m Verify NECF website is running       &amp#27;[90m# file:///C:/Users/jubin/NECF%20Project/NECF/src/test/resources/NECF.feature:4&amp#27;[39m
12:15:30.315 [main] INFO  com.webdrivermanager.DriverManager - Setting Chrome as a browser
12:15:30.319 [main] INFO  com.stepDefinitions.Hooks - Driver initialized for scenario: Verify NECF website is running
12:15:30.583 [main] INFO  com.pages.HomePage - Checking site availability for URL: https://mediaxbook.com/
12:15:35.350 [main] INFO  com.pages.HomePage - Server responded with status code: 200
12:15:35.351 [main] INFO  com.pages.HomePage - Website is UP
12:15:45.293 [main] INFO  com.pages.HomePage - Navigated to URL: https://mediaxbook.com/
12:15:45.325 [main] INFO  com.pages.HomePage - Page Load Time: 9901 ms
12:15:45.327 [main] INFO  com.pages.HomePage - Verifying URL...
12:15:45.350 [main] INFO  com.pages.HomePage - Current URL: https://mediaxbook.com/
12:15:45.368 [main] INFO  com.pages.HomePage - Page Title: NECF Global – Marketplace
  &amp#27;[31mâœ˜&amp#27;[39m &amp#27;[31m&amp#27;[1mGiven &amp#27;[22mthe website should load successfully&amp#27;[39m &amp#27;[90m# com.stepDefinitions.HomePageStep.the_website_should_load_successfully()&amp#27;[39m
        &amp#27;[31mjava.lang.AssertionError: Title verification failed! Expected: NECF Global â€“ Marketplace1, Found: NECF Global â€“ Marketplace&amp#27;[39m
        &amp#27;[31m	at org.testng.Assert.fail(Assert.java:111)&amp#27;[39m
        &amp#27;[31m	at com.pages.HomePage.verifyingTitle(HomePage.java:139)&amp#27;[39m
        &amp#27;[31m	at com.stepDefinitions.HomePageStep.the_website_should_load_successfully(HomePageStep.java:34)&amp#27;[39m
        &amp#27;[31m	at âœ½.the website should load successfully(file:///C:/Users/jubin/NECF%20Project/NECF/src/test/resources/NECF.feature:5)&amp#27;[39m
12:15:46.118 [main] INFO  com.stepDefinitions.Hooks - Screenshot attached to report: target/ExtentReports/screenshots/Verify_NECF_website_is_running.png
12:15:46.788 [main] INFO  com.stepDefinitions.Hooks - Screenshot attached to report using Base64.
12:15:47.475 [main] INFO  com.webdrivermanager.DriverManager - Driver quit successfully
12:15:47.477 [main] INFO  com.stepDefinitions.Hooks - Driver quit after scenario: Verify NECF website is running
]]></system-out>
    <system-err><![CDATA[SLF4J(W): No SLF4J providers were found.
SLF4J(W): Defaulting to no-operation (NOP) logger implementation
SLF4J(W): See https://www.slf4j.org/codes.html#noProviders for further details.
Nov 21, 2025 12:15:30 PM org.openqa.selenium.devtools.CdpVersionFinder findNearestMatch
WARNING: Unable to find an exact match for CDP version 142, returning the closest version; found: 138; Please update to a Selenium version that supports CDP version 142
]]></system-err>
  </testcase>
</testsuite>