<?xml version="1.0" encoding="UTF-8"?>
<testng-results ignored="0" total="1" passed="1" failed="0" skipped="0">
  <reporter-output>
  </reporter-output>
  <suite started-at="2025-11-21T14:34:20 IST" name="Suite" finished-at="2025-11-21T14:34:38 IST" duration-ms="18383">
    <groups>
      <group name="cucumber">
        <method signature="AbstractTestNGCucumberTests.runScenario(io.cucumber.testng.PickleWrapper,io.cucumber.testng.FeatureWrapper)[pri:0, instance:com.testRunner.TestRunner@7e057f43]" name="runScenario" class="io.cucumber.testng.AbstractTestNGCucumberTests"/>
      </group> <!-- cucumber -->
    </groups>
    <test started-at="2025-11-21T14:34:20 IST" name="NECFTest" finished-at="2025-11-21T14:34:38 IST" duration-ms="18383">
      <class name="com.testRunner.TestRunner">
        <test-method is-config="true" signature="beforeSuite()[pri:0, instance:com.testRunner.TestRunner@7e057f43]" started-at="2025-11-21T14:34:20 IST" name="beforeSuite" finished-at="2025-11-21T14:34:20 IST" duration-ms="15" status="PASS">
          <reporter-output>
          </reporter-output>
        </test-method> <!-- beforeSuite -->
        <test-method is-config="true" signature="setUpClass(org.testng.ITestContext)[pri:0, instance:com.testRunner.TestRunner@7e057f43]" started-at="2025-11-21T14:34:20 IST" name="setUpClass" finished-at="2025-11-21T14:34:20 IST" duration-ms="558" status="PASS">
          <params>
            <param index="0">
              <value>
                <![CDATA[org.testng.TestRunner@3dd591b9]]>
              </value>
            </param>
          </params>
          <reporter-output>
          </reporter-output>
        </test-method> <!-- setUpClass -->
        <test-method signature="runScenario(io.cucumber.testng.PickleWrapper,io.cucumber.testng.FeatureWrapper)[pri:0, instance:com.testRunner.TestRunner@7e057f43]" started-at="2025-11-21T14:34:20 IST" name="runScenario" description="Runs Cucumber Scenarios" data-provider="scenarios" finished-at="2025-11-21T14:34:37 IST" duration-ms="16315" status="PASS">
          <params>
            <param index="0">
              <value>
                <![CDATA["Verify NECF website is running"]]>
              </value>
            </param>
            <param index="1">
              <value>
                <![CDATA["NECF Website Health Check"]]>
              </value>
            </param>
          </params>
          <reporter-output>
          </reporter-output>
        </test-method> <!-- runScenario -->
        <test-method is-config="true" signature="tearDownClass()[pri:0, instance:com.testRunner.TestRunner@7e057f43]" started-at="2025-11-21T14:34:37 IST" name="tearDownClass" finished-at="2025-11-21T14:34:38 IST" duration-ms="1480" status="PASS">
          <reporter-output>
          </reporter-output>
        </test-method> <!-- tearDownClass -->
      </class> <!-- com.testRunner.TestRunner -->
    </test> <!-- NECFTest -->
  </suite> <!-- Suite -->
</testng-results>
