<?xml version="1.0" encoding="UTF-8"?>
<!-- Generated by org.testng.reporters.JUnitReportReporter -->
<testsuite hostname="JubinsPC" failures="0" tests="1" name="com.testRunner.TestRunner" time="13.666" errors="1" timestamp="2025-11-19T10:45:15 IST" skipped="0">
  <testcase classname="com.testRunner.TestRunner" name="runScenario" time="13.666">
    <error message="Title verification failed! Expected: NECF Global – Marketplace1, Found: NECF Global – Marketplace" type="junit.framework.AssertionFailedError">
      <![CDATA[junit.framework.AssertionFailedError: Title verification failed! Expected: NECF Global – Marketplace1, Found: NECF Global – Marketplace
at junit.framework.Assert.fail(Assert.java:47)
at com.pages.HomePage.verifyingTitle(HomePage.java:135)
at com.stepDefinitions.HomePageStep.the_website_should_load_successfully(HomePageStep.java:34)
at ✽.the website should load successfully(file:///C:/Users/jubin/NECF%20Project/NECF/src/test/resources/NECF.feature:5)
]]>
    </error>
  </testcase> <!-- runScenario -->
</testsuite> <!-- com.testRunner.TestRunner -->
