<?xml version="1.0" encoding="UTF-8"?>
<!-- Generated by org.testng.reporters.JUnitReportReporter -->
<testsuite hostname="JubinsPC" failures="1" tests="1" name="com.testRunner.TestRunner" time="43.545" errors="0" timestamp="2025-11-21T12:27:25 IST" skipped="0">
  <testcase classname="com.testRunner.TestRunner" name="runScenario" time="43.545">
    <failure message="Title verification failed! Expected: NECF Global – Marketplace1, Found: NECF Global – Marketplace" type="java.lang.AssertionError">
      <![CDATA[java.lang.AssertionError: Title verification failed! Expected: NECF Global – Marketplace1, Found: NECF Global – Marketplace
at org.testng.Assert.fail(Assert.java:111)
at com.pages.HomePage.verifyingTitle(HomePage.java:139)
at com.stepDefinitions.HomePageStep.the_website_should_load_successfully(HomePageStep.java:34)
at ✽.the website should load successfully(file:///C:/Users/jubin/NECF%20Project/NECF/src/test/resources/NECF.feature:5)
]]>
    </failure>
  </testcase> <!-- runScenario -->
</testsuite> <!-- com.testRunner.TestRunner -->
