<?xml version="1.0" encoding="UTF-8"?>
<!-- Generated by org.testng.reporters.JUnitXMLReporter -->
<testsuite ignored="0" hostname="JubinsPC" failures="1" tests="1" name="NECFTest" time="50.871" errors="0" timestamp="2025-11-19T10:45:10 IST">
  <testcase classname="io.cucumber.testng.AbstractTestNGCucumberTests" name="runScenario" time="13.666">
    <failure type="junit.framework.AssertionFailedError" message="Title verification failed! Expected: NECF Global – Marketplace1, Found: NECF Global – Marketplace">
      <![CDATA[junit.framework.AssertionFailedError: Title verification failed! Expected: NECF Global – Marketplace1, Found: NECF Global – Marketplace
at junit.framework.Assert.fail(Assert.java:47)
at com.pages.HomePage.verifyingTitle(HomePage.java:135)
at com.stepDefinitions.HomePageStep.the_website_should_load_successfully(HomePageStep.java:34)
at ✽.the website should load successfully(file:///C:/Users/jubin/NECF%20Project/NECF/src/test/resources/NECF.feature:5)
]]>
    </failure>
  </testcase> <!-- runScenario -->
</testsuite> <!-- NECFTest -->
