<?xml version="1.0" encoding="UTF-8"?>
<!-- Generated by org.testng.reporters.JUnitXMLReporter -->
<testsuite ignored="0" hostname="JubinsPC" failures="1" tests="1" name="Default test" time="46.049" errors="0" timestamp="2025-11-21T12:27:25 IST">
  <testcase classname="io.cucumber.testng.AbstractTestNGCucumberTests" name="runScenario" time="43.545">
    <failure type="java.lang.AssertionError" message="Title verification failed! Expected: NECF Global – Marketplace1, Found: NECF Global – Marketplace">
      <![CDATA[java.lang.AssertionError: Title verification failed! Expected: NECF Global – Marketplace1, Found: NECF Global – Marketplace
at org.testng.Assert.fail(Assert.java:111)
at com.pages.HomePage.verifyingTitle(HomePage.java:139)
at com.stepDefinitions.HomePageStep.the_website_should_load_successfully(HomePageStep.java:34)
at ✽.the website should load successfully(file:///C:/Users/jubin/NECF%20Project/NECF/src/test/resources/NECF.feature:5)
]]>
    </failure>
  </testcase> <!-- runScenario -->
</testsuite> <!-- Default test -->
