<?xml version="1.0" encoding="UTF-8"?>
<testng-results ignored="0" total="1" passed="0" failed="1" skipped="0">
  <reporter-output>
  </reporter-output>
  <suite started-at="2025-11-21T12:26:39 IST" name="Default suite" finished-at="2025-11-21T12:27:25 IST" duration-ms="46049">
    <groups>
      <group name="cucumber">
        <method signature="AbstractTestNGCucumberTests.runScenario(io.cucumber.testng.PickleWrapper,io.cucumber.testng.FeatureWrapper)[pri:0, instance:com.testRunner.TestRunner@1be2019a]" name="runScenario" class="io.cucumber.testng.AbstractTestNGCucumberTests"/>
      </group> <!-- cucumber -->
    </groups>
    <test started-at="2025-11-21T12:26:39 IST" name="Default test" finished-at="2025-11-21T12:27:25 IST" duration-ms="46049">
      <class name="com.testRunner.TestRunner">
        <test-method is-config="true" signature="beforeSuite()[pri:0, instance:com.testRunner.TestRunner@1be2019a]" started-at="2025-11-21T12:26:39 IST" name="beforeSuite" finished-at="2025-11-21T12:26:39 IST" duration-ms="13" status="PASS">
          <reporter-output>
          </reporter-output>
        </test-method> <!-- beforeSuite -->
        <test-method is-config="true" signature="setUpClass(org.testng.ITestContext)[pri:0, instance:com.testRunner.TestRunner@1be2019a]" started-at="2025-11-21T12:26:39 IST" name="setUpClass" finished-at="2025-11-21T12:26:40 IST" duration-ms="818" status="PASS">
          <params>
            <param index="0">
              <value>
                <![CDATA[org.testng.TestRunner@6150afc6]]>
              </value>
            </param>
          </params>
          <reporter-output>
          </reporter-output>
        </test-method> <!-- setUpClass -->
        <test-method signature="runScenario(io.cucumber.testng.PickleWrapper,io.cucumber.testng.FeatureWrapper)[pri:0, instance:com.testRunner.TestRunner@1be2019a]" started-at="2025-11-21T12:26:40 IST" name="runScenario" description="Runs Cucumber Scenarios" data-provider="scenarios" finished-at="2025-11-21T12:27:23 IST" duration-ms="43545" status="FAIL">
          <params>
            <param index="0">
              <value>
                <![CDATA["Verify NECF website is running"]]>
              </value>
            </param>
            <param index="1">
              <value>
                <![CDATA["NECF Website Health Check"]]>
              </value>
            </param>
          </params>
          <exception class="java.lang.AssertionError">
            <message>
              <![CDATA[Title verification failed! Expected: NECF Global – Marketplace1, Found: NECF Global – Marketplace]]>
            </message>
            <full-stacktrace>
              <![CDATA[java.lang.AssertionError: Title verification failed! Expected: NECF Global – Marketplace1, Found: NECF Global – Marketplace
at org.testng.Assert.fail(Assert.java:111)
at com.pages.HomePage.verifyingTitle(HomePage.java:139)
at com.stepDefinitions.HomePageStep.the_website_should_load_successfully(HomePageStep.java:34)
at ✽.the website should load successfully(file:///C:/Users/jubin/NECF%20Project/NECF/src/test/resources/NECF.feature:5)
]]>
            </full-stacktrace>
          </exception> <!-- java.lang.AssertionError -->
          <reporter-output>
          </reporter-output>
        </test-method> <!-- runScenario -->
        <test-method is-config="true" signature="tearDownClass()[pri:0, instance:com.testRunner.TestRunner@1be2019a]" started-at="2025-11-21T12:27:23 IST" name="tearDownClass" finished-at="2025-11-21T12:27:25 IST" duration-ms="1644" status="PASS">
          <reporter-output>
          </reporter-output>
        </test-method> <!-- tearDownClass -->
      </class> <!-- com.testRunner.TestRunner -->
    </test> <!-- Default test -->
  </suite> <!-- Default suite -->
</testng-results>
