<?xml version="1.0" encoding="UTF-8"?>
<!-- Generated by org.testng.reporters.JUnitXMLReporter -->
<testsuite ignored="0" hostname="JubinsPC" failures="1" tests="1" name="NECFTest" time="16.908" errors="0" timestamp="2025-11-21T10:55:48 IST">
  <testcase classname="io.cucumber.testng.AbstractTestNGCucumberTests" name="runScenario" time="14.888">
    <failure type="java.lang.AssertionError" message="Title verification failed! Expected: NECF Global – Marketplace1, Found: NECF Global – Marketplace">
      <![CDATA[java.lang.AssertionError: Title verification failed! Expected: NECF Global – Marketplace1, Found: NECF Global – Marketplace
at com.pages.HomePage.verifyingTitle(HomePage.java:139)
at com.stepDefinitions.HomePageStep.the_website_should_load_successfully(HomePageStep.java:34)
at ✽.the website should load successfully(file:///C:/Users/jubin/NECF%20Project/NECF/src/test/resources/NECF.feature:5)
... Removed 1 stack frames]]>
    </failure>
  </testcase> <!-- runScenario -->
</testsuite> <!-- NECFTest -->
